Determining if the pthread_create exist failed with the following output:
Change Dir: /home/edxian/NCRL-students/catkin_ws/build/CMakeFiles/CMakeTmp

Run Build Command:"/usr/bin/make" "cmTC_e07fe/fast"
/usr/bin/make -f CMakeFiles/cmTC_e07fe.dir/build.make CMakeFiles/cmTC_e07fe.dir/build
make[1]: Entering directory '/home/edxian/NCRL-students/catkin_ws/build/CMakeFiles/CMakeTmp'
Building C object CMakeFiles/cmTC_e07fe.dir/CheckSymbolExists.c.o
/usr/bin/cc     -o CMakeFiles/cmTC_e07fe.dir/CheckSymbolExists.c.o   -c /home/edxian/NCRL-students/catkin_ws/build/CMakeFiles/CMakeTmp/CheckSymbolExists.c
Linking C executable cmTC_e07fe
/usr/bin/cmake -E cmake_link_script CMakeFiles/cmTC_e07fe.dir/link.txt --verbose=1
/usr/bin/cc       CMakeFiles/cmTC_e07fe.dir/CheckSymbolExists.c.o  -o cmTC_e07fe -rdynamic 
CMakeFiles/cmTC_e07fe.dir/CheckSymbolExists.c.o: In function `main':
CheckSymbolExists.c:(.text+0x16): undefined reference to `pthread_create'
collect2: error: ld returned 1 exit status
CMakeFiles/cmTC_e07fe.dir/build.make:97: recipe for target 'cmTC_e07fe' failed
make[1]: *** [cmTC_e07fe] Error 1
make[1]: Leaving directory '/home/edxian/NCRL-students/catkin_ws/build/CMakeFiles/CMakeTmp'
Makefile:126: recipe for target 'cmTC_e07fe/fast' failed
make: *** [cmTC_e07fe/fast] Error 2

File /home/edxian/NCRL-students/catkin_ws/build/CMakeFiles/CMakeTmp/CheckSymbolExists.c:
/* */
#include <pthread.h>

int main(int argc, char** argv)
{
  (void)argv;
#ifndef pthread_create
  return ((int*)(&pthread_create))[argc];
#else
  (void)argc;
  return 0;
#endif
}

Determining if the function pthread_create exists in the pthreads failed with the following output:
Change Dir: /home/edxian/NCRL-students/catkin_ws/build/CMakeFiles/CMakeTmp

Run Build Command:"/usr/bin/make" "cmTC_049ca/fast"
/usr/bin/make -f CMakeFiles/cmTC_049ca.dir/build.make CMakeFiles/cmTC_049ca.dir/build
make[1]: Entering directory '/home/edxian/NCRL-students/catkin_ws/build/CMakeFiles/CMakeTmp'
Building C object CMakeFiles/cmTC_049ca.dir/CheckFunctionExists.c.o
/usr/bin/cc    -DCHECK_FUNCTION_EXISTS=pthread_create   -o CMakeFiles/cmTC_049ca.dir/CheckFunctionExists.c.o   -c /usr/share/cmake-3.5/Modules/CheckFunctionExists.c
Linking C executable cmTC_049ca
/usr/bin/cmake -E cmake_link_script CMakeFiles/cmTC_049ca.dir/link.txt --verbose=1
/usr/bin/cc   -DCHECK_FUNCTION_EXISTS=pthread_create    CMakeFiles/cmTC_049ca.dir/CheckFunctionExists.c.o  -o cmTC_049ca -rdynamic -lpthreads 
/usr/bin/ld: cannot find -lpthreads
collect2: error: ld returned 1 exit status
CMakeFiles/cmTC_049ca.dir/build.make:97: recipe for target 'cmTC_049ca' failed
make[1]: *** [cmTC_049ca] Error 1
make[1]: Leaving directory '/home/edxian/NCRL-students/catkin_ws/build/CMakeFiles/CMakeTmp'
Makefile:126: recipe for target 'cmTC_049ca/fast' failed
make: *** [cmTC_049ca/fast] Error 2


